当前分支: 
 * main
  master 

>>>>>> 执行 git add 之前,本地文件状态如下 <<<<<<
# On branch main
# Untracked files:
#   (use "git add <file>..." to include in what will be committed)
#
#	git.log
#	git_localhost.sh
nothing added to commit but untracked files present (use "git add" to track)
 >>> # On branch main
# Untracked files:
#   (use "git add <file>..." to include in what will be committed)
#
#	git.log
#	git_localhost.sh
nothing added to commit but untracked files present (use "git add" to track) <<< 
 <<< nothing to commit
>>>>>>====================================<<<<<<


>>>>>> 执行 git commit 之前,本地文件状态如下 <<<<<<
# On branch main
# Untracked files:
#   (use "git add <file>..." to include in what will be committed)
#
#	git.log
#	git_localhost.sh
nothing added to commit but untracked files present (use "git add" to track)
# On branch main
# Untracked files:
#   (use "git add <file>..." to include in what will be committed)
#
#	git.log
#	git_localhost.sh
nothing added to commit but untracked files present (use "git add" to track)
>>>>>>=======================================<<<<<<

>>>>>> 执行 git push 之前,本地文件状态如下 <<<<<<
# On branch main
# Untracked files:
#   (use "git add <file>..." to include in what will be committed)
#
#	git.log
#	git_localhost.sh
nothing added to commit but untracked files present (use "git add" to track)
>>>>>> 当前分支:main <<<<<<

>>>>>> push origin main
>>>>>>=====================================<<<<<<
