Already on 'main'
M	README.md
D	log/2023-03-14@17:29:54.log
D	log/2023-03-14@17:30:58.log
D	log/2023-03-14@17:38:14.log
D	log/2023-03-14@17:39:46.log
D	log/2023-03-14@17:42:55.log
D	log/2023-03-14@17:49:37.log
D	log/2023-03-14@17:50:46.log
D	log/lastb-2023-03-14@17:29:54.log
D	log/lastb-2023-03-14@17:30:58.log
D	log/lastb-2023-03-14@17:38:14.log
D	log/lastb-2023-03-14@17:39:46.log
D	log/lastb-2023-03-14@17:42:55.log
D	log/lastb-2023-03-14@17:49:37.log
D	log/lastb-2023-03-14@17:50:46.log
M	log/push.log
当前分支: 
 * main
  master 

>>>>>> 执行 git add 之前,本地文件状态如下 <<<<<<
# On branch main
# Changes not staged for commit:
#   (use "git add/rm <file>..." to update what will be committed)
#   (use "git checkout -- <file>..." to discard changes in working directory)
#
#	modified:   README.md
#	deleted:    log/2023-03-14@17:29:54.log
#	deleted:    log/2023-03-14@17:30:58.log
#	deleted:    log/2023-03-14@17:38:14.log
#	deleted:    log/2023-03-14@17:39:46.log
#	deleted:    log/2023-03-14@17:42:55.log
#	deleted:    log/2023-03-14@17:49:37.log
#	deleted:    log/2023-03-14@17:50:46.log
#	deleted:    log/lastb-2023-03-14@17:29:54.log
#	deleted:    log/lastb-2023-03-14@17:30:58.log
#	deleted:    log/lastb-2023-03-14@17:38:14.log
#	deleted:    log/lastb-2023-03-14@17:39:46.log
#	deleted:    log/lastb-2023-03-14@17:42:55.log
#	deleted:    log/lastb-2023-03-14@17:49:37.log
#	deleted:    log/lastb-2023-03-14@17:50:46.log
#	modified:   log/push.log
#
# Untracked files:
#   (use "git add <file>..." to include in what will be committed)
#
#	firewall.log
#	log/2023-04-17@08:30:01.log
#	log/lastb-2023-04-17@08:30:01.log
no changes added to commit (use "git add" and/or "git commit -a")
 >>> # On branch main
# Changes not staged for commit:
#   (use "git add/rm <file>..." to update what will be committed)
#   (use "git checkout -- <file>..." to discard changes in working directory)
#
#	modified:   README.md
#	deleted:    log/2023-03-14@17:29:54.log
#	deleted:    log/2023-03-14@17:30:58.log
#	deleted:    log/2023-03-14@17:38:14.log
#	deleted:    log/2023-03-14@17:39:46.log
#	deleted:    log/2023-03-14@17:42:55.log
#	deleted:    log/2023-03-14@17:49:37.log
#	deleted:    log/2023-03-14@17:50:46.log
#	deleted:    log/lastb-2023-03-14@17:29:54.log
#	deleted:    log/lastb-2023-03-14@17:30:58.log
#	deleted:    log/lastb-2023-03-14@17:38:14.log
#	deleted:    log/lastb-2023-03-14@17:39:46.log
#	deleted:    log/lastb-2023-03-14@17:42:55.log
#	deleted:    log/lastb-2023-03-14@17:49:37.log
#	deleted:    log/lastb-2023-03-14@17:50:46.log
#	modified:   log/push.log
#
# Untracked files:
#   (use "git add <file>..." to include in what will be committed)
#
#	firewall.log
#	log/2023-04-17@08:30:01.log
#	log/lastb-2023-04-17@08:30:01.log
no changes added to commit (use "git add" and/or "git commit -a") <<< 
 <<< nothing to commit
warning: You ran 'git add' with neither '-A (--all)' or '--ignore-removal',
whose behaviour will change in Git 2.0 with respect to paths you removed.
Paths like 'log/2023-03-14@17:29:54.log' that are
removed from your working tree are ignored with this version of Git.

* 'git add --ignore-removal <pathspec>', which is the current default,
  ignores paths you removed from your working tree.

* 'git add --all <pathspec>' will let you also record the removals.

Run 'git status' to check the paths you removed from your working tree.

>>>>>>====================================<<<<<<

>>>>>> 执行 git commit 之前,本地文件状态如下 <<<<<<
# On branch main
# Changes to be committed:
#   (use "git reset HEAD <file>..." to unstage)
#
#	modified:   README.md
#	new file:   firewall.log
#	new file:   log/2023-04-17@08:30:01.log
#	new file:   log/lastb-2023-04-17@08:30:01.log
#	modified:   log/push.log
#
# Changes not staged for commit:
#   (use "git add/rm <file>..." to update what will be committed)
#   (use "git checkout -- <file>..." to discard changes in working directory)
#
#	deleted:    log/2023-03-14@17:29:54.log
#	deleted:    log/2023-03-14@17:30:58.log
#	deleted:    log/2023-03-14@17:38:14.log
#	deleted:    log/2023-03-14@17:39:46.log
#	deleted:    log/2023-03-14@17:42:55.log
#	deleted:    log/2023-03-14@17:49:37.log
#	deleted:    log/2023-03-14@17:50:46.log
#	deleted:    log/lastb-2023-03-14@17:29:54.log
#	deleted:    log/lastb-2023-03-14@17:30:58.log
#	deleted:    log/lastb-2023-03-14@17:38:14.log
#	deleted:    log/lastb-2023-03-14@17:39:46.log
#	deleted:    log/lastb-2023-03-14@17:42:55.log
#	deleted:    log/lastb-2023-03-14@17:49:37.log
#	deleted:    log/lastb-2023-03-14@17:50:46.log
#	modified:   log/push.log
#
